<?xml version="1.0" encoding="UTF-8"?>
<!-- Generated by org.testng.reporters.JUnitXMLReporter -->
<testsuite ignored="0" hostname="DESKTOP-18BP1P8" failures="0" tests="5" name="Default test" time="0.082" errors="0" timestamp="2022-10-10T13:49:35 IST">
  <testcase classname="Dropdown_Validations_Test.DV_FP_1_Test" name="@BeforeMethod OpenBrowser" time="-1.66538997497E9">
    <failure type="org.testng.TestNGException" message="
Parameter &amp;apos;browsername&amp;apos; is required by BeforeMethod on method OpenBrowser but has not been marked @Optional or defined
in C:\Users\gwl\AppData\Local\Temp\testng-eclipse-627653317\testng-customsuite.xml">
      <![CDATA[org.testng.TestNGException: 
Parameter 'browsername' is required by BeforeMethod on method OpenBrowser but has not been marked @Optional or defined
in C:\Users\gwl\AppData\Local\Temp\testng-eclipse-627653317\testng-customsuite.xml
at org.testng.internal.Parameters.createParams(Parameters.java:270)
at org.testng.internal.Parameters.createParametersForMethod(Parameters.java:358)
at org.testng.internal.Parameters.createParameters(Parameters.java:700)
at org.testng.internal.Parameters.createConfigurationParameters(Parameters.java:168)
at org.testng.internal.ConfigInvoker.invokeConfigurations(ConfigInvoker.java:302)
at org.testng.internal.TestInvoker.runConfigMethods(TestInvoker.java:700)
at org.testng.internal.TestInvoker.invokeMethod(TestInvoker.java:527)
at org.testng.internal.TestInvoker.invokeTestMethod(TestInvoker.java:173)
at org.testng.internal.MethodRunner.runInSequence(MethodRunner.java:46)
at org.testng.internal.TestInvoker$MethodInvocationAgent.invoke(TestInvoker.java:824)
at org.testng.internal.TestInvoker.invokeTestMethods(TestInvoker.java:146)
at org.testng.internal.TestMethodWorker.invokeTestMethods(TestMethodWorker.java:146)
at org.testng.internal.TestMethodWorker.run(TestMethodWorker.java:128)
at java.base/java.util.ArrayList.forEach(ArrayList.java:1541)
at org.testng.TestRunner.privateRun(TestRunner.java:794)
at org.testng.TestRunner.run(TestRunner.java:596)
at org.testng.SuiteRunner.runTest(SuiteRunner.java:377)
at org.testng.SuiteRunner.runSequentially(SuiteRunner.java:371)
at org.testng.SuiteRunner.privateRun(SuiteRunner.java:332)
at org.testng.SuiteRunner.run(SuiteRunner.java:276)
at org.testng.SuiteRunnerWorker.runSuite(SuiteRunnerWorker.java:53)
at org.testng.SuiteRunnerWorker.run(SuiteRunnerWorker.java:96)
at org.testng.TestNG.runSuitesSequentially(TestNG.java:1212)
at org.testng.TestNG.runSuitesLocally(TestNG.java:1134)
at org.testng.TestNG.runSuites(TestNG.java:1063)
at org.testng.TestNG.run(TestNG.java:1031)
at org.testng.remote.AbstractRemoteTestNG.run(AbstractRemoteTestNG.java:115)
at org.testng.remote.RemoteTestNG.initAndRun(RemoteTestNG.java:251)
at org.testng.remote.RemoteTestNG.main(RemoteTestNG.java:77)
]]>
    </failure>
  </testcase> <!-- @BeforeMethod OpenBrowser -->
  <testcase classname="Dropdown_Validations_Test.DV_FP_1_Test" name="@AfterMethod closeBrowser" time="-1.665389974991E9">
    <skipped/>
  </testcase> <!-- @AfterMethod closeBrowser -->
  <testcase classname="Dropdown_Validations_Test.DV_FP_1_Test" name="@BeforeMethod OpenBrowser" time="-1.665389974995E9">
    <skipped/>
  </testcase> <!-- @BeforeMethod OpenBrowser -->
  <testcase classname="Dropdown_Validations_Test.DV_FP_1_Test" name="@AfterMethod closeBrowser" time="-1.665389975001E9">
    <skipped/>
  </testcase> <!-- @AfterMethod closeBrowser -->
  <testcase classname="Dropdown_Validations_Test.DV_FP_1_Test" name="@BeforeMethod OpenBrowser" time="-1.665389975002E9">
    <skipped/>
  </testcase> <!-- @BeforeMethod OpenBrowser -->
  <testcase classname="Dropdown_Validations_Test.DV_FP_1_Test" name="@AfterMethod closeBrowser" time="-1.665389975006E9">
    <skipped/>
  </testcase> <!-- @AfterMethod closeBrowser -->
  <testcase classname="Dropdown_Validations_Test.DV_FP_1_Test" name="@BeforeMethod OpenBrowser" time="-1.665389975008E9">
    <skipped/>
  </testcase> <!-- @BeforeMethod OpenBrowser -->
  <testcase classname="Dropdown_Validations_Test.DV_FP_1_Test" name="@AfterMethod closeBrowser" time="-1.665389975015E9">
    <skipped/>
  </testcase> <!-- @AfterMethod closeBrowser -->
  <testcase classname="Dropdown_Validations_Test.DV_FP_1_Test" name="@BeforeMethod OpenBrowser" time="-1.665389975017E9">
    <skipped/>
  </testcase> <!-- @BeforeMethod OpenBrowser -->
  <testcase classname="Dropdown_Validations_Test.DV_FP_1_Test" name="@AfterMethod closeBrowser" time="-1.665389975021E9">
    <skipped/>
  </testcase> <!-- @AfterMethod closeBrowser -->
  <testcase classname="Dropdown_Validations_Test.DV_FP_1_Test" name="Validate_Country_Dropdown" time="0.0">
    <skipped/>
  </testcase> <!-- Validate_Country_Dropdown -->
  <testcase classname="Dropdown_Validations_Test.DV_FP_1_Test" name="Validate_Country_Mailing_Address_Dropdown" time="0.0">
    <skipped/>
  </testcase> <!-- Validate_Country_Mailing_Address_Dropdown -->
  <testcase classname="Dropdown_Validations_Test.DV_FP_1_Test" name="Validate_DateofBirth_Dropdown" time="0.0">
    <skipped/>
  </testcase> <!-- Validate_DateofBirth_Dropdown -->
  <testcase classname="Dropdown_Validations_Test.DV_FP_1_Test" name="Validate_State_Dropdown" time="0.0">
    <skipped/>
  </testcase> <!-- Validate_State_Dropdown -->
  <testcase classname="Dropdown_Validations_Test.DV_FP_1_Test" name="Validate_State_Mailing_Address_Dropdown" time="0.0">
    <skipped/>
  </testcase> <!-- Validate_State_Mailing_Address_Dropdown -->
</testsuite> <!-- Default test -->
