<?xml version="1.0" encoding="UTF-8"?>
<!-- Generated by org.testng.reporters.JUnitXMLReporter -->
<testsuite ignored="0" hostname="DESKTOP-18BP1P8" failures="0" tests="5" name="Test" time="0.12" errors="0" timestamp="2022-10-10T13:49:55 IST">
  <testcase classname="Dropdown_Validations_Test.DV_FP_1_Test" name="@BeforeMethod OpenBrowser" time="-1.665389995714E9">
    <failure type="org.testng.TestNGException" message="
Parameter &amp;apos;browsername&amp;apos; is required by BeforeMethod on method OpenBrowser but has not been marked @Optional or defined
in D:\AHCCS_Final\testng.xml">
      <![CDATA[org.testng.TestNGException: 
Parameter 'browsername' is required by BeforeMethod on method OpenBrowser but has not been marked @Optional or defined
in D:\AHCCS_Final\testng.xml
at java.base/java.util.ArrayList.forEach(ArrayList.java:1541)
... Removed 28 stack frames]]>
    </failure>
  </testcase> <!-- @BeforeMethod OpenBrowser -->
  <testcase classname="Dropdown_Validations_Test.DV_FP_1_Test" name="@AfterMethod closeBrowser" time="-1.665389995743E9">
    <skipped/>
  </testcase> <!-- @AfterMethod closeBrowser -->
  <testcase classname="Dropdown_Validations_Test.DV_FP_1_Test" name="@BeforeMethod OpenBrowser" time="-1.665389995746E9">
    <skipped/>
  </testcase> <!-- @BeforeMethod OpenBrowser -->
  <testcase classname="Dropdown_Validations_Test.DV_FP_1_Test" name="@AfterMethod closeBrowser" time="-1.665389995753E9">
    <skipped/>
  </testcase> <!-- @AfterMethod closeBrowser -->
  <testcase classname="Dropdown_Validations_Test.DV_FP_1_Test" name="@BeforeMethod OpenBrowser" time="-1.665389995754E9">
    <skipped/>
  </testcase> <!-- @BeforeMethod OpenBrowser -->
  <testcase classname="Dropdown_Validations_Test.DV_FP_1_Test" name="@AfterMethod closeBrowser" time="-1.66538999576E9">
    <skipped/>
  </testcase> <!-- @AfterMethod closeBrowser -->
  <testcase classname="Dropdown_Validations_Test.DV_FP_1_Test" name="@BeforeMethod OpenBrowser" time="-1.665389995761E9">
    <skipped/>
  </testcase> <!-- @BeforeMethod OpenBrowser -->
  <testcase classname="Dropdown_Validations_Test.DV_FP_1_Test" name="@AfterMethod closeBrowser" time="-1.665389995771E9">
    <skipped/>
  </testcase> <!-- @AfterMethod closeBrowser -->
  <testcase classname="Dropdown_Validations_Test.DV_FP_1_Test" name="@BeforeMethod OpenBrowser" time="-1.665389995774E9">
    <skipped/>
  </testcase> <!-- @BeforeMethod OpenBrowser -->
  <testcase classname="Dropdown_Validations_Test.DV_FP_1_Test" name="@AfterMethod closeBrowser" time="-1.665389995783E9">
    <skipped/>
  </testcase> <!-- @AfterMethod closeBrowser -->
  <testcase classname="Dropdown_Validations_Test.DV_FP_1_Test" name="Validate_Country_Dropdown" time="0.0">
    <skipped/>
  </testcase> <!-- Validate_Country_Dropdown -->
  <testcase classname="Dropdown_Validations_Test.DV_FP_1_Test" name="Validate_Country_Mailing_Address_Dropdown" time="0.0">
    <skipped/>
  </testcase> <!-- Validate_Country_Mailing_Address_Dropdown -->
  <testcase classname="Dropdown_Validations_Test.DV_FP_1_Test" name="Validate_DateofBirth_Dropdown" time="0.0">
    <skipped/>
  </testcase> <!-- Validate_DateofBirth_Dropdown -->
  <testcase classname="Dropdown_Validations_Test.DV_FP_1_Test" name="Validate_State_Dropdown" time="0.0">
    <skipped/>
  </testcase> <!-- Validate_State_Dropdown -->
  <testcase classname="Dropdown_Validations_Test.DV_FP_1_Test" name="Validate_State_Mailing_Address_Dropdown" time="0.0">
    <skipped/>
  </testcase> <!-- Validate_State_Mailing_Address_Dropdown -->
</testsuite> <!-- Test -->
