<!DOCTYPE html PUBLIC "-//W3C//DTD XHTML 1.1//EN" "https://www.w3.org/TR/xhtml11/DTD/xhtml11.dtd">
<html xmlns="https://www.w3.org/1999/xhtml">
<head>
<meta http-equiv="content-type" content="text/html; charset=UTF-8"/>
<title>TestNG Report</title>
<style type="text/css">table {margin-bottom:10px;border-collapse:collapse;empty-cells:show}th,td {border:1px solid #009;padding:.25em .5em}th {vertical-align:bottom}td {vertical-align:top}table a {font-weight:bold}.stripe td {background-color: #E6EBF9}.num {text-align:right}.passedodd td {background-color: #3F3}.passedeven td {background-color: #0A0}.skippedodd td {background-color: #DDD}.skippedeven td {background-color: #CCC}.failedodd td,.attn {background-color: #F33}.failedeven td,.stripe .attn {background-color: #D00}.stacktrace {white-space:pre;font-family:monospace}.totop {font-size:85%;text-align:center;border-bottom:2px solid #000}.invisible {display:none}</style>
</head>
<body>
<table>
<tr><th>Test</th><th># Passed</th><th># Skipped</th><th># Retried</th><th># Failed</th><th>Time (ms)</th><th>Included Groups</th><th>Excluded Groups</th></tr>
<tr><th colspan="8">Suite</th></tr>
<tr><td><a href="#t0">Test</a></td><td class="num">0</td><td class="num attn">5</td><td class="num">0</td><td class="num">0</td><td class="num">120</td><td></td><td></td></tr>
</table>
<table id='summary'><thead><tr><th>Class</th><th>Method</th><th>Start</th><th>Time (ms)</th></tr></thead><tbody><tr><th colspan="4">Suite</th></tr></tbody><tbody id="t0"><tr><th colspan="4">Test &#8212; failed (configuration methods)</th></tr><tr class="failedeven"><td rowspan="1">Dropdown_Validations_Test.DV_FP_1_Test</td><td><a href="#m0">OpenBrowser</a></td><td rowspan="1">1665389995714</td><td rowspan="1">-1665389995714</td></tr><tr><th colspan="4">Test &#8212; skipped (configuration methods)</th></tr><tr class="skippedeven"><td rowspan="9">Dropdown_Validations_Test.DV_FP_1_Test</td><td><a href="#m1">OpenBrowser</a></td><td rowspan="4">1665389995774</td><td rowspan="4">-1665389995774</td></tr><tr class="skippedeven"><td><a href="#m2">OpenBrowser</a></td></tr><tr class="skippedeven"><td><a href="#m3">OpenBrowser</a></td></tr><tr class="skippedeven"><td><a href="#m4">OpenBrowser</a></td></tr><tr class="skippedeven"><td><a href="#m5">closeBrowser</a></td><td rowspan="5">1665389995743</td><td rowspan="5">-1665389995743</td></tr><tr class="skippedeven"><td><a href="#m6">closeBrowser</a></td></tr><tr class="skippedeven"><td><a href="#m7">closeBrowser</a></td></tr><tr class="skippedeven"><td><a href="#m8">closeBrowser</a></td></tr><tr class="skippedeven"><td><a href="#m9">closeBrowser</a></td></tr><tr><th colspan="4">Test &#8212; skipped</th></tr><tr class="skippedeven"><td rowspan="5">Dropdown_Validations_Test.DV_FP_1_Test</td><td><a href="#m10">Validate_Country_Dropdown</a></td><td rowspan="1">1665389995731</td><td rowspan="1">0</td></tr><tr class="skippedeven"><td><a href="#m11">Validate_Country_Mailing_Address_Dropdown</a></td><td rowspan="1">1665389995748</td><td rowspan="1">0</td></tr><tr class="skippedeven"><td><a href="#m12">Validate_DateofBirth_Dropdown</a></td><td rowspan="1">1665389995756</td><td rowspan="1">0</td></tr><tr class="skippedeven"><td><a href="#m13">Validate_State_Dropdown</a></td><td rowspan="1">1665389995764</td><td rowspan="1">0</td></tr><tr class="skippedeven"><td><a href="#m14">Validate_State_Mailing_Address_Dropdown</a></td><td rowspan="1">1665389995776</td><td rowspan="1">0</td></tr></tbody>
</table>
<h2>Test</h2><h3 id="m0">Dropdown_Validations_Test.DV_FP_1_Test#OpenBrowser</h3><table class="result"><tr><th>Exception</th></tr><tr><td><div class="stacktrace">org.testng.TestNGException: 
Parameter &apos;browsername&apos; is required by BeforeMethod on method OpenBrowser but has not been marked @Optional or defined
in D:\AHCCS_Final\testng.xml
	at java.base/java.util.ArrayList.forEach(ArrayList.java:1541)
... Removed 28 stack frames</div></td></tr></table><p class="totop"><a href="#summary">back to summary</a></p>
<h3 id="m1">Dropdown_Validations_Test.DV_FP_1_Test#OpenBrowser</h3><table class="result"><tr><th class="invisible"/></tr></table><p class="totop"><a href="#summary">back to summary</a></p>
<h3 id="m2">Dropdown_Validations_Test.DV_FP_1_Test#OpenBrowser</h3><table class="result"><tr><th class="invisible"/></tr></table><p class="totop"><a href="#summary">back to summary</a></p>
<h3 id="m3">Dropdown_Validations_Test.DV_FP_1_Test#OpenBrowser</h3><table class="result"><tr><th class="invisible"/></tr></table><p class="totop"><a href="#summary">back to summary</a></p>
<h3 id="m4">Dropdown_Validations_Test.DV_FP_1_Test#OpenBrowser</h3><table class="result"><tr><th class="invisible"/></tr></table><p class="totop"><a href="#summary">back to summary</a></p>
<h3 id="m5">Dropdown_Validations_Test.DV_FP_1_Test#closeBrowser</h3><table class="result"><tr><th class="invisible"/></tr></table><p class="totop"><a href="#summary">back to summary</a></p>
<h3 id="m6">Dropdown_Validations_Test.DV_FP_1_Test#closeBrowser</h3><table class="result"><tr><th class="invisible"/></tr></table><p class="totop"><a href="#summary">back to summary</a></p>
<h3 id="m7">Dropdown_Validations_Test.DV_FP_1_Test#closeBrowser</h3><table class="result"><tr><th class="invisible"/></tr></table><p class="totop"><a href="#summary">back to summary</a></p>
<h3 id="m8">Dropdown_Validations_Test.DV_FP_1_Test#closeBrowser</h3><table class="result"><tr><th class="invisible"/></tr></table><p class="totop"><a href="#summary">back to summary</a></p>
<h3 id="m9">Dropdown_Validations_Test.DV_FP_1_Test#closeBrowser</h3><table class="result"><tr><th class="invisible"/></tr></table><p class="totop"><a href="#summary">back to summary</a></p>
<h3 id="m10">Dropdown_Validations_Test.DV_FP_1_Test#Validate_Country_Dropdown</h3><table class="result"><tr><th>Exception</th></tr><tr><td><div class="stacktrace">org.testng.TestNGException: 
Parameter &apos;browsername&apos; is required by BeforeMethod on method OpenBrowser but has not been marked @Optional or defined
in D:\AHCCS_Final\testng.xml
	at java.base/java.util.ArrayList.forEach(ArrayList.java:1541)
... Removed 28 stack frames</div></td></tr></table><p class="totop"><a href="#summary">back to summary</a></p>
<h3 id="m11">Dropdown_Validations_Test.DV_FP_1_Test#Validate_Country_Mailing_Address_Dropdown</h3><table class="result"><tr><th>Exception</th></tr><tr><td><div class="stacktrace">org.testng.TestNGException: 
Parameter &apos;browsername&apos; is required by BeforeMethod on method OpenBrowser but has not been marked @Optional or defined
in D:\AHCCS_Final\testng.xml
	at java.base/java.util.ArrayList.forEach(ArrayList.java:1541)
... Removed 28 stack frames</div></td></tr></table><p class="totop"><a href="#summary">back to summary</a></p>
<h3 id="m12">Dropdown_Validations_Test.DV_FP_1_Test#Validate_DateofBirth_Dropdown</h3><table class="result"><tr><th>Exception</th></tr><tr><td><div class="stacktrace">org.testng.TestNGException: 
Parameter &apos;browsername&apos; is required by BeforeMethod on method OpenBrowser but has not been marked @Optional or defined
in D:\AHCCS_Final\testng.xml
	at java.base/java.util.ArrayList.forEach(ArrayList.java:1541)
... Removed 28 stack frames</div></td></tr></table><p class="totop"><a href="#summary">back to summary</a></p>
<h3 id="m13">Dropdown_Validations_Test.DV_FP_1_Test#Validate_State_Dropdown</h3><table class="result"><tr><th>Exception</th></tr><tr><td><div class="stacktrace">org.testng.TestNGException: 
Parameter &apos;browsername&apos; is required by BeforeMethod on method OpenBrowser but has not been marked @Optional or defined
in D:\AHCCS_Final\testng.xml
	at java.base/java.util.ArrayList.forEach(ArrayList.java:1541)
... Removed 28 stack frames</div></td></tr></table><p class="totop"><a href="#summary">back to summary</a></p>
<h3 id="m14">Dropdown_Validations_Test.DV_FP_1_Test#Validate_State_Mailing_Address_Dropdown</h3><table class="result"><tr><th>Exception</th></tr><tr><td><div class="stacktrace">org.testng.TestNGException: 
Parameter &apos;browsername&apos; is required by BeforeMethod on method OpenBrowser but has not been marked @Optional or defined
in D:\AHCCS_Final\testng.xml
	at java.base/java.util.ArrayList.forEach(ArrayList.java:1541)
... Removed 28 stack frames</div></td></tr></table><p class="totop"><a href="#summary">back to summary</a></p>
</body>
</html>
