<?xml version="1.0" encoding="UTF-8"?>
<!-- Generated by org.testng.reporters.JUnitReportReporter -->
<testsuite hostname="DESKTOP-18BP1P8" failures="0" tests="17" name="Save_Your_Progress_Test.Save_Your_Progress_Test" time="-1664547072.000" errors="1" timestamp="2022-09-30T19:40:26 IST" skipped="16">
  <testcase classname="Save_Your_Progress_Test.Save_Your_Progress_Test" name="OpenBrowser" time="-1664547072.000">
    <error message="
Parameter &#039;browsername&#039; is required by BeforeClass on method OpenBrowser but has not been marked @Optional or defined
in C:\Users\gwl\AppData\Local\Temp\testng-eclipse-1550647567\testng-customsuite.xml" type="org.testng.TestNGException">
      <![CDATA[org.testng.TestNGException: 
Parameter 'browsername' is required by BeforeClass on method OpenBrowser but has not been marked @Optional or defined
in C:\Users\gwl\AppData\Local\Temp\testng-eclipse-1550647567\testng-customsuite.xml
at org.testng.internal.Parameters.createParams(Parameters.java:270)
at org.testng.internal.Parameters.createParametersForMethod(Parameters.java:358)
at org.testng.internal.Parameters.createParameters(Parameters.java:700)
at org.testng.internal.Parameters.createConfigurationParameters(Parameters.java:168)
at org.testng.internal.ConfigInvoker.invokeConfigurations(ConfigInvoker.java:302)
at org.testng.internal.TestMethodWorker.invokeBeforeClassMethods(TestMethodWorker.java:176)
at org.testng.internal.TestMethodWorker.run(TestMethodWorker.java:122)
at java.base/java.util.ArrayList.forEach(ArrayList.java:1541)
at org.testng.TestRunner.privateRun(TestRunner.java:794)
at org.testng.TestRunner.run(TestRunner.java:596)
at org.testng.SuiteRunner.runTest(SuiteRunner.java:377)
at org.testng.SuiteRunner.runSequentially(SuiteRunner.java:371)
at org.testng.SuiteRunner.privateRun(SuiteRunner.java:332)
at org.testng.SuiteRunner.run(SuiteRunner.java:276)
at org.testng.SuiteRunnerWorker.runSuite(SuiteRunnerWorker.java:53)
at org.testng.SuiteRunnerWorker.run(SuiteRunnerWorker.java:96)
at org.testng.TestNG.runSuitesSequentially(TestNG.java:1212)
at org.testng.TestNG.runSuitesLocally(TestNG.java:1134)
at org.testng.TestNG.runSuites(TestNG.java:1063)
at org.testng.TestNG.run(TestNG.java:1031)
at org.testng.remote.AbstractRemoteTestNG.run(AbstractRemoteTestNG.java:115)
at org.testng.remote.RemoteTestNG.initAndRun(RemoteTestNG.java:251)
at org.testng.remote.RemoteTestNG.main(RemoteTestNG.java:77)
]]>
    </error>
  </testcase> <!-- OpenBrowser -->
  <system-out/>
  <testcase classname="Save_Your_Progress_Test.Save_Your_Progress_Test" name="login" time="0.000">
    <skipped/>
  </testcase> <!-- login -->
  <system-out/>
  <testcase classname="Save_Your_Progress_Test.Save_Your_Progress_Test" name="Home_Page" time="0.000">
    <skipped/>
  </testcase> <!-- Home_Page -->
  <system-out/>
  <testcase classname="Save_Your_Progress_Test.Save_Your_Progress_Test" name="Form_Page" time="0.000">
    <skipped/>
  </testcase> <!-- Form_Page -->
  <system-out/>
  <testcase classname="Save_Your_Progress_Test.Save_Your_Progress_Test" name="Form_Page_2" time="0.000">
    <skipped/>
  </testcase> <!-- Form_Page_2 -->
  <system-out/>
  <testcase classname="Save_Your_Progress_Test.Save_Your_Progress_Test" name="Form_Page_3" time="0.000">
    <skipped/>
  </testcase> <!-- Form_Page_3 -->
  <system-out/>
  <testcase classname="Save_Your_Progress_Test.Save_Your_Progress_Test" name="Form_Page_4" time="0.000">
    <skipped/>
  </testcase> <!-- Form_Page_4 -->
  <system-out/>
  <testcase classname="Save_Your_Progress_Test.Save_Your_Progress_Test" name="Form_Page_5" time="0.000">
    <skipped/>
  </testcase> <!-- Form_Page_5 -->
  <system-out/>
  <testcase classname="Save_Your_Progress_Test.Save_Your_Progress_Test" name="Form_Page_6" time="0.000">
    <skipped/>
  </testcase> <!-- Form_Page_6 -->
  <system-out/>
  <testcase classname="Save_Your_Progress_Test.Save_Your_Progress_Test" name="Form_Page_7" time="0.000">
    <skipped/>
  </testcase> <!-- Form_Page_7 -->
  <system-out/>
  <testcase classname="Save_Your_Progress_Test.Save_Your_Progress_Test" name="Form_Page_8" time="0.000">
    <skipped/>
  </testcase> <!-- Form_Page_8 -->
  <system-out/>
  <testcase classname="Save_Your_Progress_Test.Save_Your_Progress_Test" name="Form_Page_9" time="0.000">
    <skipped/>
  </testcase> <!-- Form_Page_9 -->
  <system-out/>
  <testcase classname="Save_Your_Progress_Test.Save_Your_Progress_Test" name="Form_Page_10" time="0.000">
    <skipped/>
  </testcase> <!-- Form_Page_10 -->
  <system-out/>
  <testcase classname="Save_Your_Progress_Test.Save_Your_Progress_Test" name="Form_Page_11" time="0.000">
    <skipped/>
  </testcase> <!-- Form_Page_11 -->
  <system-out/>
  <testcase classname="Save_Your_Progress_Test.Save_Your_Progress_Test" name="Form_Page_12" time="0.000">
    <skipped/>
  </testcase> <!-- Form_Page_12 -->
  <system-out/>
  <testcase classname="Save_Your_Progress_Test.Save_Your_Progress_Test" name="Form_Page_13" time="0.000">
    <skipped/>
  </testcase> <!-- Form_Page_13 -->
  <system-out/>
  <testcase classname="Save_Your_Progress_Test.Save_Your_Progress_Test" name="Form_Page_14" time="0.000">
    <skipped/>
  </testcase> <!-- Form_Page_14 -->
  <system-out/>
</testsuite> <!-- Save_Your_Progress_Test.Save_Your_Progress_Test -->
